Parsing config complete
Server started. Waiting for connections...
Handling request on server : 127.0.0.1:8080
HTTP/1.1 200 OK
Date: Tue, 09 Dec 2025 15:49:17 GMT
Content-Length: 2689
Connection: close

<!DOCTYPE html>
<html lang="en">

<head>
    <meta charset="UTF-8">
    <meta name="viewport" content="width=device-width, initial-scale=1.0">
    <title>Sector 8080 - Cyberpunk</title>
    <style>
        body {
            background-color: #050505;
            color: #0ff;
            font-family: 'Courier New', Courier, monospace;
            display: flex;
            flex-direction: column;
            align-items: center;
            justify-content: center;
            height: 100vh;
            margin: 0;
            overflow: hidden;
        }

        h1 {
            font-size: 4rem;
            text-shadow: 2px 2px #f0f, -2px -2px #0ff;
            animation: glitch 1s infinite;
        }

        p {
            font-size: 1.5rem;
            color: #f0f;
        }

        .portal {
            margin-top: 50px;
            padding: 20px 40px;
            background: transparent;
            border: 2px solid #0ff;
            color: #0ff;
            font-size: 1.2rem;
            text-decoration: none;
            text-transform: uppercase;
            letter-spacing: 4px;
            transition: all 0.3s;
            position: relative;
            overflow: hidden;
        }

        .portal:hover {
            background: #0ff;
            color: #000;
            box-shadow: 0 0 20px #0ff;
        }

        @keyframes glitch {
            0% {
                transform: translate(0)
            }

            20% {
                transform: translate(-2px, 2px)
            }

            40% {
                transform: translate(-2px, -2px)
            }

            60% {
                transform: translate(2px, 2px)
            }

            80% {
                transform: translate(2px, -2px)
            }

            100% {
                transform: translate(0)
            }
        }

        .scanline {
            width: 100%;
            height: 100px;
            z-index: 10;
            background: linear-gradient(0deg, rgba(0, 0, 0, 0) 0%, rgba(0, 255, 255, 0.2) 50%, rgba(0, 0, 0, 0) 100%);
            opacity: 0.1;
            position: absolute;
            bottom: 100%;
            animation: scanline 10s linear infinite;
            pointer-events: none;
        }

        @keyframes scanline {
            0% {
                bottom: 100%;
            }

            100% {
                bottom: -100px;
            }
        }
    </style>
</head>

<body>
    <div class="scanline"></div>
    <h1>SECTOR 8080</h1>
    <p>SYSTEM STATUS: ONLINE</p>
    <p>PROTOCOL: VHOST_ISOLATION_VERIFIED</p>
    <a href="http://localhost:8081/index.html" class="portal">JUMP TO THE GROVE (8081)</a>
</body>

</html>
Handling request on server : 127.0.0.1:8080
HTTP/1.1 200 OK
Date: Tue, 09 Dec 2025 15:49:17 GMT
Content-Length: 2689
Connection: close

<!DOCTYPE html>
<html lang="en">

<head>
    <meta charset="UTF-8">
    <meta name="viewport" content="width=device-width, initial-scale=1.0">
    <title>Sector 8080 - Cyberpunk</title>
    <style>
        body {
            background-color: #050505;
            color: #0ff;
            font-family: 'Courier New', Courier, monospace;
            display: flex;
            flex-direction: column;
            align-items: center;
            justify-content: center;
            height: 100vh;
            margin: 0;
            overflow: hidden;
        }

        h1 {
            font-size: 4rem;
            text-shadow: 2px 2px #f0f, -2px -2px #0ff;
            animation: glitch 1s infinite;
        }

        p {
            font-size: 1.5rem;
            color: #f0f;
        }

        .portal {
            margin-top: 50px;
            padding: 20px 40px;
            background: transparent;
            border: 2px solid #0ff;
            color: #0ff;
            font-size: 1.2rem;
            text-decoration: none;
            text-transform: uppercase;
            letter-spacing: 4px;
            transition: all 0.3s;
            position: relative;
            overflow: hidden;
        }

        .portal:hover {
            background: #0ff;
            color: #000;
            box-shadow: 0 0 20px #0ff;
        }

        @keyframes glitch {
            0% {
                transform: translate(0)
            }

            20% {
                transform: translate(-2px, 2px)
            }

            40% {
                transform: translate(-2px, -2px)
            }

            60% {
                transform: translate(2px, 2px)
            }

            80% {
                transform: translate(2px, -2px)
            }

            100% {
                transform: translate(0)
            }
        }

        .scanline {
            width: 100%;
            height: 100px;
            z-index: 10;
            background: linear-gradient(0deg, rgba(0, 0, 0, 0) 0%, rgba(0, 255, 255, 0.2) 50%, rgba(0, 0, 0, 0) 100%);
            opacity: 0.1;
            position: absolute;
            bottom: 100%;
            animation: scanline 10s linear infinite;
            pointer-events: none;
        }

        @keyframes scanline {
            0% {
                bottom: 100%;
            }

            100% {
                bottom: -100px;
            }
        }
    </style>
</head>

<body>
    <div class="scanline"></div>
    <h1>SECTOR 8080</h1>
    <p>SYSTEM STATUS: ONLINE</p>
    <p>PROTOCOL: VHOST_ISOLATION_VERIFIED</p>
    <a href="http://localhost:8081/index.html" class="portal">JUMP TO THE GROVE (8081)</a>
</body>

</html>
Handling request on server : 127.0.0.1:8080
HTTP/1.1 404 Not Found
Date: Tue, 09 Dec 2025 15:49:17 GMT
Content-Length: 0
Connection: close


Handling request on server : 127.0.0.1:8080
HTTP/1.1 404 Not Found
Date: Tue, 09 Dec 2025 15:49:17 GMT
Content-Length: 0
Connection: close


Handling request on server : 127.0.0.1:8081
HTTP/1.1 200 OK
Date: Tue, 09 Dec 2025 15:49:28 GMT
Content-Length: 2820
Connection: close

<!DOCTYPE html>
<html lang="en">

<head>
    <meta charset="UTF-8">
    <meta name="viewport" content="width=device-width, initial-scale=1.0">
    <title>The Grove - 8081</title>
    <style>
        body {
            background-color: #e8f5e9;
            color: #2e7d32;
            font-family: 'Georgia', serif;
            display: flex;
            flex-direction: column;
            align-items: center;
            justify-content: center;
            height: 100vh;
            margin: 0;
            overflow: hidden;
        }

        h1 {
            font-size: 4rem;
            font-weight: lighter;
            letter-spacing: 5px;
            animation: float 6s ease-in-out infinite;
        }

        p {
            font-size: 1.5rem;
            color: #4caf50;
            font-style: italic;
        }

        .portal {
            margin-top: 50px;
            padding: 20px 40px;
            background: #fff;
            border: 1px solid #a5d6a7;
            border-radius: 50px;
            color: #2e7d32;
            font-size: 1.2rem;
            text-decoration: none;
            box-shadow: 0 10px 20px rgba(0, 0, 0, 0.05);
            transition: all 0.3s;
        }

        .portal:hover {
            transform: translateY(-5px);
            box-shadow: 0 15px 30px rgba(0, 0, 0, 0.1);
            background: #2e7d32;
            color: #fff;
        }

        @keyframes float {
            0% {
                transform: translateY(0px);
            }

            50% {
                transform: translateY(-20px);
            }

            100% {
                transform: translateY(0px);
            }
        }

        .leaf {
            position: absolute;
            width: 20px;
            height: 20px;
            background: #a5d6a7;
            border-radius: 50% 0 50% 0;
            opacity: 0.5;
            animation: fall 15s linear infinite;
        }

        @keyframes fall {
            0% {
                top: -10%;
                transform: rotate(0deg);
                left: 10%;
            }

            100% {
                top: 110%;
                transform: rotate(360deg);
                left: 20%;
            }
        }
    </style>
</head>

<body>
    <div class="leaf" style="left: 10%; animation-duration: 12s;"></div>
    <div class="leaf" style="left: 30%; animation-duration: 18s; animation-delay: 2s;"></div>
    <div class="leaf" style="left: 70%; animation-duration: 14s; animation-delay: 1s;"></div>
    <div class="leaf" style="left: 90%; animation-duration: 16s; animation-delay: 4s;"></div>

    <h1>The Grove (8081)</h1>
    <p>Tranquility in the digital realm.</p>
    <p>VHost Isolation: Confirmed.</p>
    <a href="http://localhost:8080/index.html" class="portal">Return to Sector 8080</a>
</body>

</html>
Handling request on server : 127.0.0.1:8081
HTTP/1.1 404 Not Found
Date: Tue, 09 Dec 2025 15:49:28 GMT
Content-Length: 0
Connection: close


Handling request on server : 127.0.0.1:8080
HTTP/1.1 200 OK
Date: Tue, 09 Dec 2025 15:49:36 GMT
Content-Length: 2689
Connection: close

<!DOCTYPE html>
<html lang="en">

<head>
    <meta charset="UTF-8">
    <meta name="viewport" content="width=device-width, initial-scale=1.0">
    <title>Sector 8080 - Cyberpunk</title>
    <style>
        body {
            background-color: #050505;
            color: #0ff;
            font-family: 'Courier New', Courier, monospace;
            display: flex;
            flex-direction: column;
            align-items: center;
            justify-content: center;
            height: 100vh;
            margin: 0;
            overflow: hidden;
        }

        h1 {
            font-size: 4rem;
            text-shadow: 2px 2px #f0f, -2px -2px #0ff;
            animation: glitch 1s infinite;
        }

        p {
            font-size: 1.5rem;
            color: #f0f;
        }

        .portal {
            margin-top: 50px;
            padding: 20px 40px;
            background: transparent;
            border: 2px solid #0ff;
            color: #0ff;
            font-size: 1.2rem;
            text-decoration: none;
            text-transform: uppercase;
            letter-spacing: 4px;
            transition: all 0.3s;
            position: relative;
            overflow: hidden;
        }

        .portal:hover {
            background: #0ff;
            color: #000;
            box-shadow: 0 0 20px #0ff;
        }

        @keyframes glitch {
            0% {
                transform: translate(0)
            }

            20% {
                transform: translate(-2px, 2px)
            }

            40% {
                transform: translate(-2px, -2px)
            }

            60% {
                transform: translate(2px, 2px)
            }

            80% {
                transform: translate(2px, -2px)
            }

            100% {
                transform: translate(0)
            }
        }

        .scanline {
            width: 100%;
            height: 100px;
            z-index: 10;
            background: linear-gradient(0deg, rgba(0, 0, 0, 0) 0%, rgba(0, 255, 255, 0.2) 50%, rgba(0, 0, 0, 0) 100%);
            opacity: 0.1;
            position: absolute;
            bottom: 100%;
            animation: scanline 10s linear infinite;
            pointer-events: none;
        }

        @keyframes scanline {
            0% {
                bottom: 100%;
            }

            100% {
                bottom: -100px;
            }
        }
    </style>
</head>

<body>
    <div class="scanline"></div>
    <h1>SECTOR 8080</h1>
    <p>SYSTEM STATUS: ONLINE</p>
    <p>PROTOCOL: VHOST_ISOLATION_VERIFIED</p>
    <a href="http://localhost:8081/index.html" class="portal">JUMP TO THE GROVE (8081)</a>
</body>

</html>
Handling request on server : 127.0.0.1:8081
HTTP/1.1 200 OK
Date: Tue, 09 Dec 2025 15:49:39 GMT
Content-Length: 2820
Connection: close

<!DOCTYPE html>
<html lang="en">

<head>
    <meta charset="UTF-8">
    <meta name="viewport" content="width=device-width, initial-scale=1.0">
    <title>The Grove - 8081</title>
    <style>
        body {
            background-color: #e8f5e9;
            color: #2e7d32;
            font-family: 'Georgia', serif;
            display: flex;
            flex-direction: column;
            align-items: center;
            justify-content: center;
            height: 100vh;
            margin: 0;
            overflow: hidden;
        }

        h1 {
            font-size: 4rem;
            font-weight: lighter;
            letter-spacing: 5px;
            animation: float 6s ease-in-out infinite;
        }

        p {
            font-size: 1.5rem;
            color: #4caf50;
            font-style: italic;
        }

        .portal {
            margin-top: 50px;
            padding: 20px 40px;
            background: #fff;
            border: 1px solid #a5d6a7;
            border-radius: 50px;
            color: #2e7d32;
            font-size: 1.2rem;
            text-decoration: none;
            box-shadow: 0 10px 20px rgba(0, 0, 0, 0.05);
            transition: all 0.3s;
        }

        .portal:hover {
            transform: translateY(-5px);
            box-shadow: 0 15px 30px rgba(0, 0, 0, 0.1);
            background: #2e7d32;
            color: #fff;
        }

        @keyframes float {
            0% {
                transform: translateY(0px);
            }

            50% {
                transform: translateY(-20px);
            }

            100% {
                transform: translateY(0px);
            }
        }

        .leaf {
            position: absolute;
            width: 20px;
            height: 20px;
            background: #a5d6a7;
            border-radius: 50% 0 50% 0;
            opacity: 0.5;
            animation: fall 15s linear infinite;
        }

        @keyframes fall {
            0% {
                top: -10%;
                transform: rotate(0deg);
                left: 10%;
            }

            100% {
                top: 110%;
                transform: rotate(360deg);
                left: 20%;
            }
        }
    </style>
</head>

<body>
    <div class="leaf" style="left: 10%; animation-duration: 12s;"></div>
    <div class="leaf" style="left: 30%; animation-duration: 18s; animation-delay: 2s;"></div>
    <div class="leaf" style="left: 70%; animation-duration: 14s; animation-delay: 1s;"></div>
    <div class="leaf" style="left: 90%; animation-duration: 16s; animation-delay: 4s;"></div>

    <h1>The Grove (8081)</h1>
    <p>Tranquility in the digital realm.</p>
    <p>VHost Isolation: Confirmed.</p>
    <a href="http://localhost:8080/index.html" class="portal">Return to Sector 8080</a>
</body>

</html>
Handling request on server : 127.0.0.1:8080
HTTP/1.1 200 OK
Date: Tue, 09 Dec 2025 15:49:42 GMT
Content-Length: 2689
Connection: close

<!DOCTYPE html>
<html lang="en">

<head>
    <meta charset="UTF-8">
    <meta name="viewport" content="width=device-width, initial-scale=1.0">
    <title>Sector 8080 - Cyberpunk</title>
    <style>
        body {
            background-color: #050505;
            color: #0ff;
            font-family: 'Courier New', Courier, monospace;
            display: flex;
            flex-direction: column;
            align-items: center;
            justify-content: center;
            height: 100vh;
            margin: 0;
            overflow: hidden;
        }

        h1 {
            font-size: 4rem;
            text-shadow: 2px 2px #f0f, -2px -2px #0ff;
            animation: glitch 1s infinite;
        }

        p {
            font-size: 1.5rem;
            color: #f0f;
        }

        .portal {
            margin-top: 50px;
            padding: 20px 40px;
            background: transparent;
            border: 2px solid #0ff;
            color: #0ff;
            font-size: 1.2rem;
            text-decoration: none;
            text-transform: uppercase;
            letter-spacing: 4px;
            transition: all 0.3s;
            position: relative;
            overflow: hidden;
        }

        .portal:hover {
            background: #0ff;
            color: #000;
            box-shadow: 0 0 20px #0ff;
        }

        @keyframes glitch {
            0% {
                transform: translate(0)
            }

            20% {
                transform: translate(-2px, 2px)
            }

            40% {
                transform: translate(-2px, -2px)
            }

            60% {
                transform: translate(2px, 2px)
            }

            80% {
                transform: translate(2px, -2px)
            }

            100% {
                transform: translate(0)
            }
        }

        .scanline {
            width: 100%;
            height: 100px;
            z-index: 10;
            background: linear-gradient(0deg, rgba(0, 0, 0, 0) 0%, rgba(0, 255, 255, 0.2) 50%, rgba(0, 0, 0, 0) 100%);
            opacity: 0.1;
            position: absolute;
            bottom: 100%;
            animation: scanline 10s linear infinite;
            pointer-events: none;
        }

        @keyframes scanline {
            0% {
                bottom: 100%;
            }

            100% {
                bottom: -100px;
            }
        }
    </style>
</head>

<body>
    <div class="scanline"></div>
    <h1>SECTOR 8080</h1>
    <p>SYSTEM STATUS: ONLINE</p>
    <p>PROTOCOL: VHOST_ISOLATION_VERIFIED</p>
    <a href="http://localhost:8081/index.html" class="portal">JUMP TO THE GROVE (8081)</a>
</body>

</html>
Handling request on server : 127.0.0.1:8081
HTTP/1.1 200 OK
Date: Tue, 09 Dec 2025 15:49:43 GMT
Content-Length: 2820
Connection: close

<!DOCTYPE html>
<html lang="en">

<head>
    <meta charset="UTF-8">
    <meta name="viewport" content="width=device-width, initial-scale=1.0">
    <title>The Grove - 8081</title>
    <style>
        body {
            background-color: #e8f5e9;
            color: #2e7d32;
            font-family: 'Georgia', serif;
            display: flex;
            flex-direction: column;
            align-items: center;
            justify-content: center;
            height: 100vh;
            margin: 0;
            overflow: hidden;
        }

        h1 {
            font-size: 4rem;
            font-weight: lighter;
            letter-spacing: 5px;
            animation: float 6s ease-in-out infinite;
        }

        p {
            font-size: 1.5rem;
            color: #4caf50;
            font-style: italic;
        }

        .portal {
            margin-top: 50px;
            padding: 20px 40px;
            background: #fff;
            border: 1px solid #a5d6a7;
            border-radius: 50px;
            color: #2e7d32;
            font-size: 1.2rem;
            text-decoration: none;
            box-shadow: 0 10px 20px rgba(0, 0, 0, 0.05);
            transition: all 0.3s;
        }

        .portal:hover {
            transform: translateY(-5px);
            box-shadow: 0 15px 30px rgba(0, 0, 0, 0.1);
            background: #2e7d32;
            color: #fff;
        }

        @keyframes float {
            0% {
                transform: translateY(0px);
            }

            50% {
                transform: translateY(-20px);
            }

            100% {
                transform: translateY(0px);
            }
        }

        .leaf {
            position: absolute;
            width: 20px;
            height: 20px;
            background: #a5d6a7;
            border-radius: 50% 0 50% 0;
            opacity: 0.5;
            animation: fall 15s linear infinite;
        }

        @keyframes fall {
            0% {
                top: -10%;
                transform: rotate(0deg);
                left: 10%;
            }

            100% {
                top: 110%;
                transform: rotate(360deg);
                left: 20%;
            }
        }
    </style>
</head>

<body>
    <div class="leaf" style="left: 10%; animation-duration: 12s;"></div>
    <div class="leaf" style="left: 30%; animation-duration: 18s; animation-delay: 2s;"></div>
    <div class="leaf" style="left: 70%; animation-duration: 14s; animation-delay: 1s;"></div>
    <div class="leaf" style="left: 90%; animation-duration: 16s; animation-delay: 4s;"></div>

    <h1>The Grove (8081)</h1>
    <p>Tranquility in the digital realm.</p>
    <p>VHost Isolation: Confirmed.</p>
    <a href="http://localhost:8080/index.html" class="portal">Return to Sector 8080</a>
</body>

</html>
Handling request on server : 127.0.0.1:8080
HTTP/1.1 200 OK
Date: Tue, 09 Dec 2025 15:49:44 GMT
Content-Length: 2689
Connection: close

<!DOCTYPE html>
<html lang="en">

<head>
    <meta charset="UTF-8">
    <meta name="viewport" content="width=device-width, initial-scale=1.0">
    <title>Sector 8080 - Cyberpunk</title>
    <style>
        body {
            background-color: #050505;
            color: #0ff;
            font-family: 'Courier New', Courier, monospace;
            display: flex;
            flex-direction: column;
            align-items: center;
            justify-content: center;
            height: 100vh;
            margin: 0;
            overflow: hidden;
        }

        h1 {
            font-size: 4rem;
            text-shadow: 2px 2px #f0f, -2px -2px #0ff;
            animation: glitch 1s infinite;
        }

        p {
            font-size: 1.5rem;
            color: #f0f;
        }

        .portal {
            margin-top: 50px;
            padding: 20px 40px;
            background: transparent;
            border: 2px solid #0ff;
            color: #0ff;
            font-size: 1.2rem;
            text-decoration: none;
            text-transform: uppercase;
            letter-spacing: 4px;
            transition: all 0.3s;
            position: relative;
            overflow: hidden;
        }

        .portal:hover {
            background: #0ff;
            color: #000;
            box-shadow: 0 0 20px #0ff;
        }

        @keyframes glitch {
            0% {
                transform: translate(0)
            }

            20% {
                transform: translate(-2px, 2px)
            }

            40% {
                transform: translate(-2px, -2px)
            }

            60% {
                transform: translate(2px, 2px)
            }

            80% {
                transform: translate(2px, -2px)
            }

            100% {
                transform: translate(0)
            }
        }

        .scanline {
            width: 100%;
            height: 100px;
            z-index: 10;
            background: linear-gradient(0deg, rgba(0, 0, 0, 0) 0%, rgba(0, 255, 255, 0.2) 50%, rgba(0, 0, 0, 0) 100%);
            opacity: 0.1;
            position: absolute;
            bottom: 100%;
            animation: scanline 10s linear infinite;
            pointer-events: none;
        }

        @keyframes scanline {
            0% {
                bottom: 100%;
            }

            100% {
                bottom: -100px;
            }
        }
    </style>
</head>

<body>
    <div class="scanline"></div>
    <h1>SECTOR 8080</h1>
    <p>SYSTEM STATUS: ONLINE</p>
    <p>PROTOCOL: VHOST_ISOLATION_VERIFIED</p>
    <a href="http://localhost:8081/index.html" class="portal">JUMP TO THE GROVE (8081)</a>
</body>

</html>
Handling request on server : 127.0.0.1:8081
HTTP/1.1 200 OK
Date: Tue, 09 Dec 2025 15:49:44 GMT
Content-Length: 2820
Connection: close

<!DOCTYPE html>
<html lang="en">

<head>
    <meta charset="UTF-8">
    <meta name="viewport" content="width=device-width, initial-scale=1.0">
    <title>The Grove - 8081</title>
    <style>
        body {
            background-color: #e8f5e9;
            color: #2e7d32;
            font-family: 'Georgia', serif;
            display: flex;
            flex-direction: column;
            align-items: center;
            justify-content: center;
            height: 100vh;
            margin: 0;
            overflow: hidden;
        }

        h1 {
            font-size: 4rem;
            font-weight: lighter;
            letter-spacing: 5px;
            animation: float 6s ease-in-out infinite;
        }

        p {
            font-size: 1.5rem;
            color: #4caf50;
            font-style: italic;
        }

        .portal {
            margin-top: 50px;
            padding: 20px 40px;
            background: #fff;
            border: 1px solid #a5d6a7;
            border-radius: 50px;
            color: #2e7d32;
            font-size: 1.2rem;
            text-decoration: none;
            box-shadow: 0 10px 20px rgba(0, 0, 0, 0.05);
            transition: all 0.3s;
        }

        .portal:hover {
            transform: translateY(-5px);
            box-shadow: 0 15px 30px rgba(0, 0, 0, 0.1);
            background: #2e7d32;
            color: #fff;
        }

        @keyframes float {
            0% {
                transform: translateY(0px);
            }

            50% {
                transform: translateY(-20px);
            }

            100% {
                transform: translateY(0px);
            }
        }

        .leaf {
            position: absolute;
            width: 20px;
            height: 20px;
            background: #a5d6a7;
            border-radius: 50% 0 50% 0;
            opacity: 0.5;
            animation: fall 15s linear infinite;
        }

        @keyframes fall {
            0% {
                top: -10%;
                transform: rotate(0deg);
                left: 10%;
            }

            100% {
                top: 110%;
                transform: rotate(360deg);
                left: 20%;
            }
        }
    </style>
</head>

<body>
    <div class="leaf" style="left: 10%; animation-duration: 12s;"></div>
    <div class="leaf" style="left: 30%; animation-duration: 18s; animation-delay: 2s;"></div>
    <div class="leaf" style="left: 70%; animation-duration: 14s; animation-delay: 1s;"></div>
    <div class="leaf" style="left: 90%; animation-duration: 16s; animation-delay: 4s;"></div>

    <h1>The Grove (8081)</h1>
    <p>Tranquility in the digital realm.</p>
    <p>VHost Isolation: Confirmed.</p>
    <a href="http://localhost:8080/index.html" class="portal">Return to Sector 8080</a>
</body>

</html>
Handling request on server : 127.0.0.1:8080
HTTP/1.1 200 OK
Date: Tue, 09 Dec 2025 15:49:45 GMT
Content-Length: 2689
Connection: close

<!DOCTYPE html>
<html lang="en">

<head>
    <meta charset="UTF-8">
    <meta name="viewport" content="width=device-width, initial-scale=1.0">
    <title>Sector 8080 - Cyberpunk</title>
    <style>
        body {
            background-color: #050505;
            color: #0ff;
            font-family: 'Courier New', Courier, monospace;
            display: flex;
            flex-direction: column;
            align-items: center;
            justify-content: center;
            height: 100vh;
            margin: 0;
            overflow: hidden;
        }

        h1 {
            font-size: 4rem;
            text-shadow: 2px 2px #f0f, -2px -2px #0ff;
            animation: glitch 1s infinite;
        }

        p {
            font-size: 1.5rem;
            color: #f0f;
        }

        .portal {
            margin-top: 50px;
            padding: 20px 40px;
            background: transparent;
            border: 2px solid #0ff;
            color: #0ff;
            font-size: 1.2rem;
            text-decoration: none;
            text-transform: uppercase;
            letter-spacing: 4px;
            transition: all 0.3s;
            position: relative;
            overflow: hidden;
        }

        .portal:hover {
            background: #0ff;
            color: #000;
            box-shadow: 0 0 20px #0ff;
        }

        @keyframes glitch {
            0% {
                transform: translate(0)
            }

            20% {
                transform: translate(-2px, 2px)
            }

            40% {
                transform: translate(-2px, -2px)
            }

            60% {
                transform: translate(2px, 2px)
            }

            80% {
                transform: translate(2px, -2px)
            }

            100% {
                transform: translate(0)
            }
        }

        .scanline {
            width: 100%;
            height: 100px;
            z-index: 10;
            background: linear-gradient(0deg, rgba(0, 0, 0, 0) 0%, rgba(0, 255, 255, 0.2) 50%, rgba(0, 0, 0, 0) 100%);
            opacity: 0.1;
            position: absolute;
            bottom: 100%;
            animation: scanline 10s linear infinite;
            pointer-events: none;
        }

        @keyframes scanline {
            0% {
                bottom: 100%;
            }

            100% {
                bottom: -100px;
            }
        }
    </style>
</head>

<body>
    <div class="scanline"></div>
    <h1>SECTOR 8080</h1>
    <p>SYSTEM STATUS: ONLINE</p>
    <p>PROTOCOL: VHOST_ISOLATION_VERIFIED</p>
    <a href="http://localhost:8081/index.html" class="portal">JUMP TO THE GROVE (8081)</a>
</body>

</html>
